Library/Bee/Android/Prj/Mono2x/Gradle/unityLibrary/mobilenotifications.androidlib/build/outputs/mapping/release/seeds.txt
com.unity.androidnotifications.UnityNotificationRestartReceiver
com.unity3d.player.UnityPlayer
com.unity.androidnotifications.R
com.unity.androidnotifications.NotificationCallback
com.unity.androidnotifications.UnityNotificationManager
com.unity.androidnotifications.UnityNotificationManager: java.lang.String KEY_BIG_CONTENT_DESCRIPTION
com.unity.androidnotifications.UnityNotificationManager: java.lang.String KEY_REPEAT_INTERVAL
com.unity.androidnotifications.UnityNotificationManager: java.lang.String KEY_CHANNEL_ID
com.unity.androidnotifications.UnityNotificationManager: java.lang.String KEY_SHOW_IN_FOREGROUND
com.unity.androidnotifications.UnityNotificationManager: java.lang.String KEY_BIG_PICTURE
com.unity.androidnotifications.UnityNotificationManager: java.lang.String KEY_BIG_LARGE_ICON
com.unity.androidnotifications.UnityNotificationManager: java.lang.String KEY_ID
com.unity.androidnotifications.UnityNotificationManager: java.lang.String KEY_INTENT_DATA
com.unity.androidnotifications.UnityNotificationManager: java.lang.String KEY_SMALL_ICON
com.unity.androidnotifications.UnityNotificationManager: java.lang.String KEY_NOTIFICATION
com.unity.androidnotifications.UnityNotificationManager: java.lang.String KEY_FIRE_TIME
com.unity.androidnotifications.UnityNotificationManager: java.lang.String KEY_NOTIFICATION_DISMISSED
com.unity.androidnotifications.UnityNotificationManager: java.lang.String KEY_BIG_CONTENT_TITLE
com.unity.androidnotifications.UnityNotificationManager: java.lang.String KEY_BIG_SHOW_WHEN_COLLAPSED
com.unity.androidnotifications.UnityNotificationManager: java.lang.String KEY_LARGE_ICON
com.unity3d.player.UnityPlayer: void setScreenBrightness(float)
com.unity.androidnotifications.UnityNotificationRestartReceiver: UnityNotificationRestartReceiver()
com.unity.androidnotifications.UnityNotificationManager: android.app.Notification getNotificationFromIntent(android.content.Intent)
com.unity.androidnotifications.UnityNotificationManager: int checkNotificationStatus(int)
com.unity.androidnotifications.UnityNotificationManager: int areNotificationsEnabled()
com.unity.androidnotifications.UnityNotificationManager: void registerNotificationChannelGroup(java.lang.String,java.lang.String,java.lang.String)
com.unity.androidnotifications.UnityNotificationManager: int scheduleNotification(android.app.Notification$Builder,boolean)
com.unity.androidnotifications.UnityNotificationManager: android.app.Notification$Builder createNotificationBuilder(java.lang.String)
com.unity.androidnotifications.UnityNotificationManager: java.lang.Integer getNotificationColor(android.app.Notification)
com.unity3d.player.UnityPlayer: android.content.pm.ApplicationInfo getApplicationInfo()
com.unity3d.player.UnityPlayer: java.lang.String getKeyboardLayout()
com.unity.androidnotifications.UnityNotificationUtilities: UnityNotificationUtilities()
com.unity3d.player.UnityPlayer: boolean getLaunchFullscreen()
com.unity.androidnotifications.UnityNotificationManager: void setNotificationColor(android.app.Notification$Builder,int)
com.unity.androidnotifications.UnityNotificationManager: void showNotificationSettings(java.lang.String)
com.unity.androidnotifications.UnityNotificationManager: void setupBigPictureStyle(android.app.Notification$Builder,java.lang.String,java.lang.String,java.lang.String,java.lang.String,java.lang.String,boolean)
com.unity3d.player.UnityPlayer: void setHideInputField(boolean)
com.unity.androidnotifications.UnityNotificationManager: void setNotificationGroupAlertBehavior(android.app.Notification$Builder,int)
com.unity.androidnotifications.UnityNotificationManager: void cancelDisplayedNotification(int)
com.unity3d.player.UnityPlayer: android.view.View getView()
com.unity3d.player.UnityPlayer: float getScreenBrightness()
com.unity3d.player.UnityPlayer: boolean nativeInjectEvent(android.view.InputEvent)