Library/Bee/Android/Prj/Mono2x/Gradle/unityLibrary/mobilenotifications.androidlib/build/outputs/mapping/release/usage.txt
com.unity3d.player.r0
com.unity3d.player.r
com.unity3d.player.s0
com.unity3d.player.s
com.unity3d.player.t0
com.unity3d.player.u0
com.unity3d.player.v0
com.unity3d.player.v
com.unity3d.player.w0
com.unity3d.player.w
com.unity3d.player.x0
com.unity3d.player.x
com.unity3d.player.y0
com.unity3d.player.y
com.unity3d.player.z0
com.unity3d.player.z
org.fmod.FMODAudioDevice
org.fmod.a
com.unity.androidnotifications.NotificationChannelWrapper:
    public boolean canBypassDnd
    public boolean canShowBadge
    public java.lang.String description
    public boolean enableLights
    public boolean enableVibration
    public java.lang.String name
com.unity.androidnotifications.UnityNotificationBackgroundThread$1
com.unity.androidnotifications.UnityNotificationBackgroundThread:
    public final void enqueueHousekeeping()
    public static boolean executeTask()
    public static void performHousekeeping()
com.unity.androidnotifications.UnityNotificationManager:
    public final android.content.Intent buildNotificationIntent()
    public final boolean canScheduleExactAlarms(android.app.AlarmManager)
    public final android.app.Notification$Builder deserializeNotificationBuilder(java.lang.Integer)
    public static void finalizeNotificationForDisplay()
    public static java.util.Set findInvalidNotificationIds()
    public static int generateUniqueId()
    public static android.app.PendingIntent getActivityPendingIntent()
    public final android.os.Bundle getAppMetadata()
    public final android.os.Parcelable getIcon(java.lang.String)
    public static java.lang.Object getIconForUri(java.lang.String)
    public final android.os.Parcelable getIconFromResources(java.lang.String,boolean)
    public static java.lang.Object getNotificationOrBuilderForIntent()
    public static java.lang.Object getNotificationOrIdForIntent(android.content.Intent)
    public static java.lang.String getSharedPrefsNameByChannelId(java.lang.String)
    public static java.lang.String getSharedPrefsNameByNotificationId(java.lang.String)
    public static void initialize()
    public static android.graphics.Bitmap loadBitmap()
    public static com.unity.androidnotifications.NotificationChannelWrapper notificationChannelToWrapper(java.lang.Object)
    public final void notify(android.app.Notification$Builder,int)
    public final synchronized void saveNotification()
com.unity.androidnotifications.UnityNotificationUtilities:
    public static int findResourceIdInContextByName(android.content.Context,java.lang.String)
com.unity3d.player.E0
com.unity3d.player.F
com.unity3d.player.NetworkConnectivity:
    public final android.net.ConnectivityManager a
com.unity3d.player.NetworkConnectivityNougat:
    public int b
    public final android.net.ConnectivityManager$NetworkCallback c
com.unity3d.player.PlatformSupport:
    public static final boolean PIE_SUPPORT
    public static final boolean RED_VELVET_CAKE_SUPPORT
    public static final boolean SNOW_CONE_SUPPORT
    public static final boolean TIRAMISU_SUPPORT
    public static final boolean UPSIDE_DOWN_CAKE_SUPPORT
    public static final boolean VANILLA_ICE_CREAM_SUPPORT
com.unity3d.player.T:
    public final synchronized void a()
com.unity3d.player.UnityPlayer:
    public static final android.app.Activity currentActivity
    public final android.app.Activity mActivity
    public final android.content.Context mContext
    public final com.unity3d.player.V mGlView
    public final android.os.Handler mHandler
    public final com.unity3d.player.F mSoftInput
    public final android.content.ClipboardManager m_ClipboardManager
    public com.unity3d.player.NetworkConnectivity m_NetworkConnectivity
    public final android.view.Window m_Window
    public final android.net.Uri m_launchUri
    public static boolean injectEvent()
    private final native boolean nativeInjectEvent(android.view.InputEvent)
    public static void runOnUiThread(java.lang.Runnable)
com.unity3d.player.V
com.unity3d.player.b0
com.unity3d.player.c0